<?xml version="1.0" encoding="UTF-8"?>
<testsuite name="E2E — Password Recovery contra backend real" tests="4" skipped="0" failures="0" errors="0" timestamp="2026-02-26T22:14:32.959Z" hostname="DESKTOP-TOTQAUE" time="0.599">
  <properties/>
  <testcase name="POST /intrale/recovery con email seed responde 200" classname="ar.com.intrale.e2e.api.ApiPasswordRecoveryE2ETest" time="0.52"/>
  <testcase name="POST /intrale/recovery sin body responde 400" classname="ar.com.intrale.e2e.api.ApiPasswordRecoveryE2ETest" time="0.026"/>
  <testcase name="POST /intrale/confirm sin codigo responde 400" classname="ar.com.intrale.e2e.api.ApiPasswordRecoveryE2ETest" time="0.032"/>
  <testcase name="POST /intrale/confirm con codigo invalido responde error" classname="ar.com.intrale.e2e.api.ApiPasswordRecoveryE2ETest" time="0.019"/>
  <system-out><![CDATA[19:14:32.059 [Test worker] INFO  ar.com.intrale.e2e - Iniciando Playwright [ApiPasswordRecoveryE2ETest] — baseUrl=http://localhost:80, recordings=C:\Workspaces\Intrale\platform\qa\recordings
19:14:32.959 [Test worker] INFO  ar.com.intrale.e2e - Tracing iniciado [ApiPasswordRecoveryE2ETest]
19:14:33.477 [Test worker] INFO  ar.com.intrale.e2e - Recovery con email seed: status=200
19:14:33.477 [Test worker] INFO  ar.com.intrale.e2e - Recovery body: {"statusCode":{"value":200,"description":"OK"}}
19:14:33.506 [Test worker] INFO  ar.com.intrale.e2e - Recovery sin body: status=400
19:14:33.540 [Test worker] INFO  ar.com.intrale.e2e - Confirm sin codigo: status=400
19:14:33.560 [Test worker] INFO  ar.com.intrale.e2e - Confirm con codigo invalido: status=400
19:14:33.854 [Test worker] INFO  ar.com.intrale.e2e - Trace guardado: C:\Workspaces\Intrale\platform\qa\recordings\ApiPasswordRecoveryE2ETest-trace.zip
19:14:33.918 [Test worker] INFO  ar.com.intrale.e2e - Cerrando Playwright [ApiPasswordRecoveryE2ETest]
]]></system-out>
  <system-err><![CDATA[]]></system-err>
</testsuite>
