<?xml version="1.0" encoding="UTF-8"?>
<testsuite name="E2E — Profiles contra backend real" tests="3" skipped="0" failures="0" errors="0" timestamp="2026-02-26T22:14:34.981Z" hostname="DESKTOP-TOTQAUE" time="0.153">
  <properties/>
  <testcase name="POST /intrale/profiles sin token responde 401" classname="ar.com.intrale.e2e.api.ApiProfilesE2ETest" time="0.071"/>
  <testcase name="POST /intrale/profiles con token invalido responde 401" classname="ar.com.intrale.e2e.api.ApiProfilesE2ETest" time="0.043"/>
  <testcase name="POST /business-inexistente/profiles responde error" classname="ar.com.intrale.e2e.api.ApiProfilesE2ETest" time="0.031"/>
  <system-out><![CDATA[19:14:33.941 [Test worker] INFO  ar.com.intrale.e2e - Iniciando Playwright [ApiProfilesE2ETest] — baseUrl=http://localhost:80, recordings=C:\Workspaces\Intrale\platform\qa\recordings
19:14:34.980 [Test worker] INFO  ar.com.intrale.e2e - Tracing iniciado [ApiProfilesE2ETest]
19:14:35.051 [Test worker] INFO  ar.com.intrale.e2e - Profiles sin token: status=401
19:14:35.092 [Test worker] INFO  ar.com.intrale.e2e - Profiles con token invalido: status=401
19:14:35.135 [Test worker] INFO  ar.com.intrale.e2e - Profiles business inexistente: status=500
19:14:35.155 [Test worker] INFO  ar.com.intrale.e2e - Trace guardado: C:\Workspaces\Intrale\platform\qa\recordings\ApiProfilesE2ETest-trace.zip
19:14:35.225 [Test worker] INFO  ar.com.intrale.e2e - Cerrando Playwright [ApiProfilesE2ETest]
]]></system-out>
  <system-err><![CDATA[]]></system-err>
</testsuite>
